[0415/111729.521:ERROR:bad_message.cc(27)] Terminating renderer for bad IPC message, reason 213
[0415/111734.715:ERROR:bad_message.cc(27)] Terminating renderer for bad IPC message, reason 213
[0415/111813.644:INFO:CONSOLE(23)] "(TIME) index.html loaded:	 552.5750000379048", source: https://meet.jit.si/ (23)
[0415/111814.442:INFO:CONSOLE(10)] "2020-04-15T08:18:14.439Z [modules/browser/BrowserCapabilities.js] <new a>:  This appears to be chrome, ver: 80.0.3987.122", source: https://web-cdn.jitsi.net/meetjitsi_4004.656/libs/lib-jitsi-meet.min.js?v=3962.622 (10)
[0415/111814.513:INFO:CONSOLE(1)] "The AudioContext was not allowed to start. It must be resumed (or created) after a user gesture on the page. https://goo.gl/7K7WLu", source: https://web-cdn.jitsi.net/meetjitsi_4004.656/libs/lib-jitsi-meet.min.js?v=3962.622 (1)
[0415/111814.799:INFO:CONSOLE(126)] "2020-04-15T08:18:14.786Z [index.web] <HTMLDocument.<anonymous>>:  (TIME) document ready:	 1701.1550000170246", source: https://web-cdn.jitsi.net/meetjitsi_4004.656/libs/app.bundle.min.js?v=3962.622 (126)
[0415/111814.841:INFO:CONSOLE(126)] "2020-04-15T08:18:14.828Z [features/base/storage] <Object.persistState>:  redux state persisted. 99914b932bd37a50b983c5e7c90ae93b -> c9a5a5788f3cfc51c7d718028d937d62", source: https://web-cdn.jitsi.net/meetjitsi_4004.656/libs/app.bundle.min.js?v=3962.622 (126)
[0415/111814.857:INFO:CONSOLE(126)] "2020-04-15T08:18:14.844Z [features/base/lastn] There is no active conference, not updating last N", source: https://web-cdn.jitsi.net/meetjitsi_4004.656/libs/app.bundle.min.js?v=3962.622 (126)
[0415/111814.858:INFO:CONSOLE(126)] "2020-04-15T08:18:14.844Z [modules/UI/videolayout/VideoLayout.js] <Object.changeUserAvatar>:  Missed avatar update - no small video yet for undefined", source: https://web-cdn.jitsi.net/meetjitsi_4004.656/libs/app.bundle.min.js?v=3962.622 (126)
[0415/111814.865:INFO:CONSOLE(126)] "2020-04-15T08:18:14.851Z [features/chrome-banner] <j.componentDidUpdate>:  Chrome extension URL found.", source: https://web-cdn.jitsi.net/meetjitsi_4004.656/libs/app.bundle.min.js?v=3962.622 (126)
[0415/111814.866:INFO:CONSOLE(126)] "2020-04-15T08:18:14.852Z [features/chrome-banner] <j.componentDidUpdate>:  Chrome extension(s) info found.", source: https://web-cdn.jitsi.net/meetjitsi_4004.656/libs/app.bundle.min.js?v=3962.622 (126)
[0415/111814.929:INFO:CONSOLE(126)] "2020-04-15T08:18:14.858Z [features/base/media] Start muted: ", source: https://web-cdn.jitsi.net/meetjitsi_4004.656/libs/app.bundle.min.js?v=3962.622 (126)
[0415/111814.936:INFO:CONSOLE(126)] "2020-04-15T08:18:14.859Z [features/base/media] Start audio only set to false", source: https://web-cdn.jitsi.net/meetjitsi_4004.656/libs/app.bundle.min.js?v=3962.622 (126)
[0415/111814.950:INFO:CONSOLE(126)] "2020-04-15T08:18:14.937Z [features/analytics] Loaded 0 analytics handlers", source: https://web-cdn.jitsi.net/meetjitsi_4004.656/libs/app.bundle.min.js?v=3962.622 (126)
[0415/111815.055:INFO:CONSOLE(152)] "[Amplitude] WARNING: Property key "conference_name" with invalid value type undefined, ignoring", source: https://web-cdn.jitsi.net/meetjitsi_4004.656/libs/app.bundle.min.js?v=3962.622 (152)
[0415/111815.203:INFO:CONSOLE(152)] "[Amplitude] WARNING: Property key "conference_name" with invalid value type undefined, ignoring", source: https://web-cdn.jitsi.net/meetjitsi_4004.656/libs/app.bundle.min.js?v=3962.622 (152)
[0415/111815.310:INFO:CONSOLE(10)] "2020-04-15T08:18:15.297Z [modules/RTC/RTCUtils.js] Available devices:  [object InputDeviceInfo],[object InputDeviceInfo],[object InputDeviceInfo],[object InputDeviceInfo],[object MediaDeviceInfo],[object MediaDeviceInfo],[object MediaDeviceInfo]", source: https://web-cdn.jitsi.net/meetjitsi_4004.656/libs/lib-jitsi-meet.min.js?v=3962.622 (10)
[0415/111815.871:WARNING:angle_platform_impl.cc(45)] compileToBinary(256): 
C:\fakepath(87,10-46): warning X3571: pow(f, e) will not work for negative f, use abs(f) or conditionally handle negative values if you expect them
C:\fakepath(110,10-46): warning X3571: pow(f, e) will not work for negative f, use abs(f) or conditionally handle negative values if you expect them

[0415/111816.838:INFO:CONSOLE(126)] "2020-04-15T08:18:16.826Z [features/base/storage] <Object.persistState>:  redux state persisted. c9a5a5788f3cfc51c7d718028d937d62 -> 19e3e16252df33c61db5b7d9b99076ea", source: https://web-cdn.jitsi.net/meetjitsi_4004.656/libs/app.bundle.min.js?v=3962.622 (126)
[0415/161002.672:INFO:CONSOLE(0)] "Autofocus processing was blocked because a document already has a focused element.", source: https://www.google.com/?gws_rd=ssl (0)
[0415/161011.361:INFO:CONSOLE(0)] "A cookie associated with a cross-site resource at https://accounts.google.com/ was set without the `SameSite` attribute. A future release of Chrome will only deliver cookies with cross-site requests if they are set with `SameSite=None` and `Secure`. You can review cookies in developer tools under Application>Storage>Cookies and see more details at https://www.chromestatus.com/feature/5088147346030592 and https://www.chromestatus.com/feature/5633521622188032.", source: https://www.youtube.com/watch?v=InAU5k2VbAQ (0)
[0415/161011.361:INFO:CONSOLE(0)] "Refused to display 'https://accounts.google.com/ServiceLogin?uilel=3&service=youtube&passive=true&hl=en&continue=https%3A%2F%2Fwww.youtube.com%2Fsignin%3Faction_handle_signin%3Dtrue%26feature%3Dpassive%26app%3Ddesktop%26hl%3Den%26next%3D%252Fsignin_passive' in a frame because it set 'X-Frame-Options' to 'deny'.", source: https://www.youtube.com/watch?v=InAU5k2VbAQ (0)
[0415/161011.571:WARNING:spdy_session.cc(3304)] Received HEADERS for invalid stream 1
[0415/161012.224:WARNING:spdy_session.cc(3304)] Received HEADERS for invalid stream 29
[0415/161012.245:WARNING:spdy_session.cc(3304)] Received HEADERS for invalid stream 31
[0415/161012.248:WARNING:spdy_session.cc(3304)] Received HEADERS for invalid stream 33
[0415/161012.253:WARNING:spdy_session.cc(3304)] Received HEADERS for invalid stream 35
[0415/161016.898:INFO:CONSOLE(0)] "A cookie associated with a cross-site resource at https://accounts.google.com/ was set without the `SameSite` attribute. A future release of Chrome will only deliver cookies with cross-site requests if they are set with `SameSite=None` and `Secure`. You can review cookies in developer tools under Application>Storage>Cookies and see more details at https://www.chromestatus.com/feature/5088147346030592 and https://www.chromestatus.com/feature/5633521622188032.", source: https://www.youtube.com/watch?v=InAU5k2VbAQ (0)
[0415/161016.928:INFO:CONSOLE(0)] "Refused to display 'https://accounts.google.com/ServiceLogin?uilel=3&service=youtube&passive=true&hl=en&continue=https%3A%2F%2Fwww.youtube.com%2Fsignin%3Faction_handle_signin%3Dtrue%26feature%3Dpassive%26app%3Ddesktop%26hl%3Den%26next%3D%252Fsignin_passive' in a frame because it set 'X-Frame-Options' to 'deny'.", source: https://www.youtube.com/watch?v=InAU5k2VbAQ (0)
[0415/161017.132:WARNING:spdy_session.cc(3304)] Received HEADERS for invalid stream 1
[0415/161017.983:WARNING:spdy_session.cc(3304)] Received HEADERS for invalid stream 43
[0415/161017.998:WARNING:spdy_session.cc(3304)] Received HEADERS for invalid stream 45
[0415/161018.000:WARNING:spdy_session.cc(3304)] Received HEADERS for invalid stream 47
[0415/161018.003:WARNING:spdy_session.cc(3304)] Received HEADERS for invalid stream 49
[0415/161018.634:INFO:CONSOLE(0)] "A cookie associated with a cross-site resource at https://accounts.google.com/ was set without the `SameSite` attribute. A future release of Chrome will only deliver cookies with cross-site requests if they are set with `SameSite=None` and `Secure`. You can review cookies in developer tools under Application>Storage>Cookies and see more details at https://www.chromestatus.com/feature/5088147346030592 and https://www.chromestatus.com/feature/5633521622188032.", source: https://www.youtube.com/watch?v=InAU5k2VbAQ (0)
[0415/161018.658:INFO:CONSOLE(0)] "Refused to display 'https://accounts.google.com/ServiceLogin?uilel=3&service=youtube&passive=true&hl=en&continue=https%3A%2F%2Fwww.youtube.com%2Fsignin%3Faction_handle_signin%3Dtrue%26feature%3Dpassive%26app%3Ddesktop%26hl%3Den%26next%3D%252Fsignin_passive' in a frame because it set 'X-Frame-Options' to 'deny'.", source: https://www.youtube.com/watch?v=InAU5k2VbAQ (0)
[0415/161019.665:WARNING:spdy_session.cc(3304)] Received HEADERS for invalid stream 57
[0415/161019.707:WARNING:spdy_session.cc(3304)] Received HEADERS for invalid stream 59
[0415/161019.708:WARNING:spdy_session.cc(3304)] Received HEADERS for invalid stream 61
[0415/161019.708:WARNING:spdy_session.cc(3304)] Received HEADERS for invalid stream 63
[0415/161041.813:INFO:CONSOLE(0)] "A cookie associated with a cross-site resource at https://accounts.google.com/ was set without the `SameSite` attribute. A future release of Chrome will only deliver cookies with cross-site requests if they are set with `SameSite=None` and `Secure`. You can review cookies in developer tools under Application>Storage>Cookies and see more details at https://www.chromestatus.com/feature/5088147346030592 and https://www.chromestatus.com/feature/5633521622188032.", source: https://www.youtube.com/watch?v=InAU5k2VbAQ (0)
[0415/161041.858:INFO:CONSOLE(0)] "Refused to display 'https://accounts.google.com/ServiceLogin?uilel=3&service=youtube&passive=true&hl=en&continue=https%3A%2F%2Fwww.youtube.com%2Fsignin%3Faction_handle_signin%3Dtrue%26feature%3Dpassive%26app%3Ddesktop%26hl%3Den%26next%3D%252Fsignin_passive' in a frame because it set 'X-Frame-Options' to 'deny'.", source: https://www.youtube.com/watch?v=InAU5k2VbAQ (0)
[0415/161042.059:WARNING:spdy_session.cc(3304)] Received HEADERS for invalid stream 5
[0415/161042.672:INFO:CONSOLE(0)] "A cookie associated with a cross-site resource at https://accounts.google.com/ was set without the `SameSite` attribute. A future release of Chrome will only deliver cookies with cross-site requests if they are set with `SameSite=None` and `Secure`. You can review cookies in developer tools under Application>Storage>Cookies and see more details at https://www.chromestatus.com/feature/5088147346030592 and https://www.chromestatus.com/feature/5633521622188032.", source: https://www.youtube.com/watch?v=InAU5k2VbAQ (0)
[0415/161042.811:WARNING:spdy_session.cc(3304)] Received HEADERS for invalid stream 9
[0415/161042.896:WARNING:spdy_session.cc(3304)] Received HEADERS for invalid stream 71
[0415/161042.934:WARNING:spdy_session.cc(3304)] Received HEADERS for invalid stream 73
[0415/161042.934:WARNING:spdy_session.cc(3304)] Received HEADERS for invalid stream 75
[0415/161042.937:WARNING:spdy_session.cc(3304)] Received HEADERS for invalid stream 77
[0415/161042.968:WARNING:spdy_session.cc(3304)] Received HEADERS for invalid stream 81
[0415/161043.948:WARNING:spdy_session.cc(3304)] Received HEADERS for invalid stream 85
[0415/161043.972:WARNING:spdy_session.cc(3304)] Received HEADERS for invalid stream 87
[0415/161043.972:WARNING:spdy_session.cc(3304)] Received HEADERS for invalid stream 89
[0415/161043.973:WARNING:spdy_session.cc(3304)] Received HEADERS for invalid stream 91
[0415/161050.085:INFO:CONSOLE(2)] "JQMIGRATE: Migrate is installed, version 1.4.1", source: https://335wvf48o1332cksy23mw1pj-wpengine.netdna-ssl.com/wp-includes/js/jquery/jquery-migrate.min.js?ver=1.4.1 (2)
[0415/161052.794:INFO:CONSOLE(23)] "(TIME) index.html loaded:	 797.1699999761768", source: https://meet.jit.si/ (23)
[0415/161053.016:INFO:CONSOLE(10)] "2020-04-15T13:10:53.016Z [modules/browser/BrowserCapabilities.js] <new a>:  This appears to be chrome, ver: 80.0.3987.122", source: https://web-cdn.jitsi.net/meetjitsi_4004.656/libs/lib-jitsi-meet.min.js?v=3962.622 (10)
[0415/161053.723:INFO:CONSOLE(1)] "The AudioContext was not allowed to start. It must be resumed (or created) after a user gesture on the page. https://goo.gl/7K7WLu", source: https://web-cdn.jitsi.net/meetjitsi_4004.656/libs/lib-jitsi-meet.min.js?v=3962.622 (1)
[0415/161054.079:INFO:CONSOLE(126)] "2020-04-15T13:10:54.079Z [index.web] <HTMLDocument.<anonymous>>:  (TIME) document ready:	 2078.9499999955297", source: https://web-cdn.jitsi.net/meetjitsi_4004.656/libs/app.bundle.min.js?v=3962.622 (126)
[0415/161054.120:INFO:CONSOLE(126)] "2020-04-15T13:10:54.120Z [features/base/storage] <Object.persistState>:  redux state persisted. 99914b932bd37a50b983c5e7c90ae93b -> c9a5a5788f3cfc51c7d718028d937d62", source: https://web-cdn.jitsi.net/meetjitsi_4004.656/libs/app.bundle.min.js?v=3962.622 (126)
[0415/161054.136:INFO:CONSOLE(126)] "2020-04-15T13:10:54.136Z [features/base/lastn] There is no active conference, not updating last N", source: https://web-cdn.jitsi.net/meetjitsi_4004.656/libs/app.bundle.min.js?v=3962.622 (126)
[0415/161054.137:INFO:CONSOLE(126)] "2020-04-15T13:10:54.137Z [modules/UI/videolayout/VideoLayout.js] <Object.changeUserAvatar>:  Missed avatar update - no small video yet for undefined", source: https://web-cdn.jitsi.net/meetjitsi_4004.656/libs/app.bundle.min.js?v=3962.622 (126)
[0415/161054.143:INFO:CONSOLE(126)] "2020-04-15T13:10:54.143Z [features/chrome-banner] <j.componentDidUpdate>:  Chrome extension URL found.", source: https://web-cdn.jitsi.net/meetjitsi_4004.656/libs/app.bundle.min.js?v=3962.622 (126)
[0415/161054.143:INFO:CONSOLE(126)] "2020-04-15T13:10:54.143Z [features/chrome-banner] <j.componentDidUpdate>:  Chrome extension(s) info found.", source: https://web-cdn.jitsi.net/meetjitsi_4004.656/libs/app.bundle.min.js?v=3962.622 (126)
[0415/161054.149:INFO:CONSOLE(126)] "2020-04-15T13:10:54.148Z [features/base/media] Start muted: ", source: https://web-cdn.jitsi.net/meetjitsi_4004.656/libs/app.bundle.min.js?v=3962.622 (126)
[0415/161054.152:INFO:CONSOLE(126)] "2020-04-15T13:10:54.150Z [features/base/media] Start audio only set to false", source: https://web-cdn.jitsi.net/meetjitsi_4004.656/libs/app.bundle.min.js?v=3962.622 (126)
[0415/161054.174:INFO:CONSOLE(126)] "2020-04-15T13:10:54.174Z [features/analytics] Loaded 0 analytics handlers", source: https://web-cdn.jitsi.net/meetjitsi_4004.656/libs/app.bundle.min.js?v=3962.622 (126)
[0415/161054.229:INFO:CONSOLE(152)] "[Amplitude] WARNING: Property key "conference_name" with invalid value type undefined, ignoring", source: https://web-cdn.jitsi.net/meetjitsi_4004.656/libs/app.bundle.min.js?v=3962.622 (152)
[0415/161054.282:INFO:CONSOLE(152)] "[Amplitude] WARNING: Property key "conference_name" with invalid value type undefined, ignoring", source: https://web-cdn.jitsi.net/meetjitsi_4004.656/libs/app.bundle.min.js?v=3962.622 (152)
[0415/161054.606:INFO:CONSOLE(10)] "2020-04-15T13:10:54.606Z [modules/RTC/RTCUtils.js] Available devices:  [object InputDeviceInfo],[object InputDeviceInfo],[object InputDeviceInfo],[object InputDeviceInfo],[object MediaDeviceInfo],[object MediaDeviceInfo],[object MediaDeviceInfo]", source: https://web-cdn.jitsi.net/meetjitsi_4004.656/libs/lib-jitsi-meet.min.js?v=3962.622 (10)
[0415/161055.020:WARNING:angle_platform_impl.cc(45)] compileToBinary(256): 
C:\fakepath(87,10-46): warning X3571: pow(f, e) will not work for negative f, use abs(f) or conditionally handle negative values if you expect them
C:\fakepath(110,10-46): warning X3571: pow(f, e) will not work for negative f, use abs(f) or conditionally handle negative values if you expect them

[0415/161056.118:INFO:CONSOLE(126)] "2020-04-15T13:10:56.118Z [features/base/storage] <Object.persistState>:  redux state persisted. c9a5a5788f3cfc51c7d718028d937d62 -> 2ca0fb1e7dc41ddd12487a38b8d78385", source: https://web-cdn.jitsi.net/meetjitsi_4004.656/libs/app.bundle.min.js?v=3962.622 (126)
[0415/161057.638:INFO:CONSOLE(126)] "2020-04-15T13:10:57.637Z [features/chrome-banner] <j.componentDidUpdate>:  Chrome extension URL found.", source: https://web-cdn.jitsi.net/meetjitsi_4004.656/libs/app.bundle.min.js?v=3962.622 (126)
[0415/161057.638:INFO:CONSOLE(126)] "2020-04-15T13:10:57.638Z [features/chrome-banner] <j.componentDidUpdate>:  Chrome extension(s) info found.", source: https://web-cdn.jitsi.net/meetjitsi_4004.656/libs/app.bundle.min.js?v=3962.622 (126)
[0415/161057.644:INFO:CONSOLE(126)] "2020-04-15T13:10:57.644Z [features/base/media] Start muted: ", source: https://web-cdn.jitsi.net/meetjitsi_4004.656/libs/app.bundle.min.js?v=3962.622 (126)
[0415/161057.646:INFO:CONSOLE(126)] "2020-04-15T13:10:57.646Z [features/base/media] Start audio only set to false", source: https://web-cdn.jitsi.net/meetjitsi_4004.656/libs/app.bundle.min.js?v=3962.622 (126)
[0415/161057.653:INFO:CONSOLE(126)] "2020-04-15T13:10:57.653Z [features/analytics] Loaded 0 analytics handlers", source: https://web-cdn.jitsi.net/meetjitsi_4004.656/libs/app.bundle.min.js?v=3962.622 (126)
[0415/161057.657:INFO:CONSOLE(152)] "[Amplitude] WARNING: Property key "conference_name" with invalid value type undefined, ignoring", source: https://web-cdn.jitsi.net/meetjitsi_4004.656/libs/app.bundle.min.js?v=3962.622 (152)
[0415/161057.670:INFO:CONSOLE(10)] "2020-04-15T13:10:57.669Z [modules/RTC/RTCUtils.js] Available devices:  [object InputDeviceInfo],[object InputDeviceInfo],[object InputDeviceInfo],[object InputDeviceInfo],[object MediaDeviceInfo],[object MediaDeviceInfo],[object MediaDeviceInfo]", source: https://web-cdn.jitsi.net/meetjitsi_4004.656/libs/lib-jitsi-meet.min.js?v=3962.622 (10)
[0415/161057.770:INFO:CONSOLE(126)] "2020-04-15T13:10:57.769Z [features/base/storage] <Object.persistState>:  redux state persisted. 2ca0fb1e7dc41ddd12487a38b8d78385 -> a6f0a3d4bcbd50005c569c9fd394af44", source: https://web-cdn.jitsi.net/meetjitsi_4004.656/libs/app.bundle.min.js?v=3962.622 (126)
[0415/161057.790:INFO:CONSOLE(23)] "(TIME) index.html loaded:	 135.9599999850616", source: https://meet.jit.si/QualifiedConveniencesHoldLightly (23)
[0415/161057.797:INFO:CONSOLE(10)] "2020-04-15T13:10:57.797Z [modules/browser/BrowserCapabilities.js] <new a>:  This appears to be chrome, ver: 80.0.3987.122", source: https://web-cdn.jitsi.net/meetjitsi_4004.656/libs/lib-jitsi-meet.min.js?v=3962.622 (10)
[0415/161057.956:INFO:CONSOLE(126)] "2020-04-15T13:10:57.956Z [index.web] <HTMLDocument.<anonymous>>:  (TIME) document ready:	 299.07499998807907", source: https://web-cdn.jitsi.net/meetjitsi_4004.656/libs/app.bundle.min.js?v=3962.622 (126)
[0415/161057.978:WARNING:spdy_session.cc(3304)] Received HEADERS for invalid stream 5
[0415/161057.985:INFO:CONSOLE(126)] "2020-04-15T13:10:57.985Z [features/base/lastn] There is no active conference, not updating last N", source: https://web-cdn.jitsi.net/meetjitsi_4004.656/libs/app.bundle.min.js?v=3962.622 (126)
[0415/161057.986:INFO:CONSOLE(126)] "2020-04-15T13:10:57.986Z [modules/UI/videolayout/VideoLayout.js] <Object.changeUserAvatar>:  Missed avatar update - no small video yet for undefined", source: https://web-cdn.jitsi.net/meetjitsi_4004.656/libs/app.bundle.min.js?v=3962.622 (126)
[0415/161057.990:INFO:CONSOLE(126)] "2020-04-15T13:10:57.990Z [features/chrome-banner] <j.componentDidUpdate>:  Chrome extension URL found.", source: https://web-cdn.jitsi.net/meetjitsi_4004.656/libs/app.bundle.min.js?v=3962.622 (126)
[0415/161057.991:INFO:CONSOLE(126)] "2020-04-15T13:10:57.991Z [features/chrome-banner] <j.componentDidUpdate>:  Chrome extension(s) info found.", source: https://web-cdn.jitsi.net/meetjitsi_4004.656/libs/app.bundle.min.js?v=3962.622 (126)
[0415/161057.994:INFO:CONSOLE(126)] "2020-04-15T13:10:57.994Z [features/base/media] Start muted: ", source: https://web-cdn.jitsi.net/meetjitsi_4004.656/libs/app.bundle.min.js?v=3962.622 (126)
[0415/161057.995:INFO:CONSOLE(126)] "2020-04-15T13:10:57.995Z [features/base/media] Start audio only set to false", source: https://web-cdn.jitsi.net/meetjitsi_4004.656/libs/app.bundle.min.js?v=3962.622 (126)
[0415/161058.006:INFO:CONSOLE(126)] "2020-04-15T13:10:58.005Z [features/analytics] Loaded 0 analytics handlers", source: https://web-cdn.jitsi.net/meetjitsi_4004.656/libs/app.bundle.min.js?v=3962.622 (126)
[0415/161058.093:INFO:CONSOLE(126)] "2020-04-15T13:10:58.093Z [features/base/devices] setAudioOutputDevice: undefined[default]", source: https://web-cdn.jitsi.net/meetjitsi_4004.656/libs/app.bundle.min.js?v=3962.622 (126)
[0415/161058.105:INFO:CONSOLE(10)] "2020-04-15T13:10:58.105Z [modules/RTC/RTCUtils.js] Available devices:  [object InputDeviceInfo],[object InputDeviceInfo],[object InputDeviceInfo],[object InputDeviceInfo],[object MediaDeviceInfo],[object MediaDeviceInfo],[object MediaDeviceInfo]", source: https://web-cdn.jitsi.net/meetjitsi_4004.656/libs/lib-jitsi-meet.min.js?v=3962.622 (10)
[0415/161058.151:INFO:CONSOLE(10)] "2020-04-15T13:10:58.151Z [modules/RTC/RTCUtils.js] Audio output device set to default", source: https://web-cdn.jitsi.net/meetjitsi_4004.656/libs/lib-jitsi-meet.min.js?v=3962.622 (10)
[0415/161058.168:INFO:CONSOLE(126)] "2020-04-15T13:10:58.167Z [features/base/devices] Device list updated:
audioInput:
		[default]
		[communications]
		[5b17aa92e44fee9ee0e91817f63da886232e267da46ace1401b30cbed7b38150]
audioOutput:
		[default]
		[communications]
		[37e10c3a933be347f2f87686fe63b4c417a4c85957ecba2d91b314e19a6659a3]
videoInput:
		[8d5930846468a75ae4eef421eeaea3233feab16ad621331bb919563a14421cea]", source: https://web-cdn.jitsi.net/meetjitsi_4004.656/libs/app.bundle.min.js?v=3962.622 (126)
[0415/161058.178:INFO:CONSOLE(10)] "2020-04-15T13:10:58.179Z [modules/xmpp/xmpp.js] <A._initStrophePlugins>:  P2P STUN servers:  [object Object],[object Object],[object Object]", source: https://web-cdn.jitsi.net/meetjitsi_4004.656/libs/lib-jitsi-meet.min.js?v=3962.622 (10)
[0415/161058.195:INFO:CONSOLE(10)] "2020-04-15T13:10:58.195Z [modules/xmpp/xmpp.js] <A.connectionHandler>:  (TIME) Strophe connecting:	 540.1849999907427", source: https://web-cdn.jitsi.net/meetjitsi_4004.656/libs/lib-jitsi-meet.min.js?v=3962.622 (10)
[0415/161058.199:INFO:CONSOLE(10)] "2020-04-15T13:10:58.199Z [modules/RTC/RTCUtils.js] <z.newObtainAudioAndVideoPermissions>:  Using the new gUM flow", source: https://web-cdn.jitsi.net/meetjitsi_4004.656/libs/lib-jitsi-meet.min.js?v=3962.622 (10)
[0415/161058.201:INFO:CONSOLE(10)] "2020-04-15T13:10:58.201Z [modules/RTC/RTCUtils.js] <z.<anonymous>>:  Got media constraints:  [object Object]", source: https://web-cdn.jitsi.net/meetjitsi_4004.656/libs/lib-jitsi-meet.min.js?v=3962.622 (10)
[0415/161058.321:INFO:CONSOLE(10)] "2020-04-15T13:10:58.321Z [modules/RTC/RTCUtils.js] Failed to get access to local media.  NotAllowedError: Permission denied [object Object] ", source: https://web-cdn.jitsi.net/meetjitsi_4004.656/libs/lib-jitsi-meet.min.js?v=3962.622 (10)
[0415/161058.325:INFO:CONSOLE(126)] "2020-04-15T13:10:58.325Z [features/base/tracks] Failed to create local tracks audio,video [object Object]", source: https://web-cdn.jitsi.net/meetjitsi_4004.656/libs/app.bundle.min.js?v=3962.622 (126)
[0415/161058.326:INFO:CONSOLE(10)] "2020-04-15T13:10:58.325Z [modules/RTC/RTCUtils.js] <z.newObtainAudioAndVideoPermissions>:  Using the new gUM flow", source: https://web-cdn.jitsi.net/meetjitsi_4004.656/libs/lib-jitsi-meet.min.js?v=3962.622 (10)
[0415/161058.326:INFO:CONSOLE(10)] "2020-04-15T13:10:58.326Z [modules/RTC/RTCUtils.js] <z.<anonymous>>:  Got media constraints:  [object Object]", source: https://web-cdn.jitsi.net/meetjitsi_4004.656/libs/lib-jitsi-meet.min.js?v=3962.622 (10)
[0415/161058.375:INFO:CONSOLE(10)] "2020-04-15T13:10:58.375Z [modules/RTC/RTCUtils.js] Failed to get access to local media.  NotAllowedError: Permission denied [object Object] ", source: https://web-cdn.jitsi.net/meetjitsi_4004.656/libs/lib-jitsi-meet.min.js?v=3962.622 (10)
[0415/161058.376:INFO:CONSOLE(126)] "2020-04-15T13:10:58.376Z [features/base/tracks] Failed to create local tracks audio [object Object]", source: https://web-cdn.jitsi.net/meetjitsi_4004.656/libs/app.bundle.min.js?v=3962.622 (126)
[0415/161058.377:INFO:CONSOLE(10)] "2020-04-15T13:10:58.376Z [modules/RTC/RTCUtils.js] <z.newObtainAudioAndVideoPermissions>:  Using the new gUM flow", source: https://web-cdn.jitsi.net/meetjitsi_4004.656/libs/lib-jitsi-meet.min.js?v=3962.622 (10)
[0415/161058.381:INFO:CONSOLE(10)] "2020-04-15T13:10:58.376Z [modules/RTC/RTCUtils.js] <z.<anonymous>>:  Got media constraints:  [object Object]", source: https://web-cdn.jitsi.net/meetjitsi_4004.656/libs/lib-jitsi-meet.min.js?v=3962.622 (10)
[0415/161058.382:INFO:CONSOLE(10)] "2020-04-15T13:10:58.382Z [modules/RTC/RTCUtils.js] Failed to get access to local media.  NotAllowedError: Permission denied [object Object] ", source: https://web-cdn.jitsi.net/meetjitsi_4004.656/libs/lib-jitsi-meet.min.js?v=3962.622 (10)
[0415/161058.383:INFO:CONSOLE(126)] "2020-04-15T13:10:58.382Z [features/base/tracks] Failed to create local tracks video [object Object]", source: https://web-cdn.jitsi.net/meetjitsi_4004.656/libs/app.bundle.min.js?v=3962.622 (126)
[0415/161059.025:INFO:CONSOLE(10)] "2020-04-15T13:10:59.024Z [modules/xmpp/XmppConnection.js] <d._maybeEnableStreamResume>:  Enabling XEP-0198 stream management", source: https://web-cdn.jitsi.net/meetjitsi_4004.656/libs/lib-jitsi-meet.min.js?v=3962.622 (10)
[0415/161059.027:INFO:CONSOLE(10)] "2020-04-15T13:10:59.026Z [modules/xmpp/XmppConnection.js] <d._maybeStartWSKeepAlive>:  WebSocket keep alive interval: 240000ms", source: https://web-cdn.jitsi.net/meetjitsi_4004.656/libs/lib-jitsi-meet.min.js?v=3962.622 (10)
[0415/161059.032:INFO:CONSOLE(10)] "2020-04-15T13:10:59.027Z [modules/xmpp/XmppConnection.js] <d._maybeStartWSKeepAlive>:  Scheduling next WebSocket keep-alive in 78316.1019360555ms", source: https://web-cdn.jitsi.net/meetjitsi_4004.656/libs/lib-jitsi-meet.min.js?v=3962.622 (10)
[0415/161059.036:INFO:CONSOLE(10)] "2020-04-15T13:10:59.027Z [modules/xmpp/xmpp.js] <A.connectionHandler>:  (TIME) Strophe connected:	 1373.3050000155345", source: https://web-cdn.jitsi.net/meetjitsi_4004.656/libs/lib-jitsi-meet.min.js?v=3962.622 (10)
[0415/161059.039:INFO:CONSOLE(10)] "2020-04-15T13:10:59.030Z [modules/xmpp/xmpp.js] <A.connectionHandler>:  My Jabber ID: 9782c143-59ee-4ee4-96f6-aefe88275a69@meet.jit.si/9sraU-QZ", source: https://web-cdn.jitsi.net/meetjitsi_4004.656/libs/lib-jitsi-meet.min.js?v=3962.622 (10)
[0415/161059.075:INFO:CONSOLE(126)] "2020-04-15T13:10:59.075Z [conference.js] initialized with 0 local tracks", source: https://web-cdn.jitsi.net/meetjitsi_4004.656/libs/app.bundle.min.js?v=3962.622 (126)
[0415/161059.081:INFO:CONSOLE(10)] "2020-04-15T13:10:59.080Z [modules/settings/Settings.js] generated callstats uid Nakia-Pnr", source: https://web-cdn.jitsi.net/meetjitsi_4004.656/libs/lib-jitsi-meet.min.js?v=3962.622 (10)
[0415/161059.081:INFO:CONSOLE(10)] "2020-04-15T13:10:59.081Z [modules/xmpp/xmpp.js] <A.createRoom>:  JID 9782c143-59ee-4ee4-96f6-aefe88275a69@meet.jit.si/9sraU-QZ using MUC nickname 9782c143", source: https://web-cdn.jitsi.net/meetjitsi_4004.656/libs/lib-jitsi-meet.min.js?v=3962.622 (10)
[0415/161059.082:INFO:CONSOLE(10)] "2020-04-15T13:10:59.081Z [modules/xmpp/ChatRoom.js] <new _>:  Joined MUC as qualifiedconveniencesholdlightly@conference.meet.jit.si/9782c143", source: https://web-cdn.jitsi.net/meetjitsi_4004.656/libs/lib-jitsi-meet.min.js?v=3962.622 (10)
[0415/161059.082:INFO:CONSOLE(10)] "2020-04-15T13:10:59.082Z [modules/e2eping/e2eping.js] <new h>:  Initializing e2e ping; pingInterval=-1, analyticsInterval=60000.", source: https://web-cdn.jitsi.net/meetjitsi_4004.656/libs/lib-jitsi-meet.min.js?v=3962.622 (10)
[0415/161059.083:INFO:CONSOLE(10)] "2020-04-15T13:10:59.083Z [modules/connectivity/ParticipantConnectionStatus.js] <new S>:  RtcMuteTimeout set to: 10000", source: https://web-cdn.jitsi.net/meetjitsi_4004.656/libs/lib-jitsi-meet.min.js?v=3962.622 (10)
[0415/161059.086:INFO:CONSOLE(10)] "2020-04-15T13:10:59.086Z [JitsiConference.js] <se._init>:  Using VAD detection for generating talk while muted events", source: https://web-cdn.jitsi.net/meetjitsi_4004.656/libs/lib-jitsi-meet.min.js?v=3962.622 (10)
[0415/161059.088:INFO:CONSOLE(10)] "2020-04-15T13:10:59.087Z [modules/statistics/AvgRTPStatsReporter.js] <new g>:  Avg RTP stats will be calculated every 15 samples", source: https://web-cdn.jitsi.net/meetjitsi_4004.656/libs/lib-jitsi-meet.min.js?v=3962.622 (10)
[0415/161059.088:INFO:CONSOLE(10)] "2020-04-15T13:10:59.088Z [JitsiConference.js] <new se>:  backToP2PDelay: 5", source: https://web-cdn.jitsi.net/meetjitsi_4004.656/libs/lib-jitsi-meet.min.js?v=3962.622 (10)
[0415/161059.090:INFO:CONSOLE(10)] "2020-04-15T13:10:59.088Z [modules/videosipgw/VideoSIPGW.js] <new d>:  creating VideoSIPGW", source: https://web-cdn.jitsi.net/meetjitsi_4004.656/libs/lib-jitsi-meet.min.js?v=3962.622 (10)
[0415/161059.102:INFO:CONSOLE(126)] "2020-04-15T13:10:59.101Z [modules/remotecontrol/RemoteControl.js] <d.init>:  Initializing remote control.", source: https://web-cdn.jitsi.net/meetjitsi_4004.656/libs/app.bundle.min.js?v=3962.622 (126)
[0415/161059.105:INFO:CONSOLE(126)] "2020-04-15T13:10:59.105Z [modules/UI/videolayout/SmallVideo.js] <g.updateView>:  Displaying avatar-with-name for 9782c143, data: [{"isCurrentlyOnLargeVideo":true,"isHovered":false,"isAudioOnly":false,"tileViewEnabled":false,"isVideoPlayable":null,"hasVideo":true,"connectionStatus":null,"videoStream":false,"isVideoMuted":true,"videoStreamMuted":"no stream"}]", source: https://web-cdn.jitsi.net/meetjitsi_4004.656/libs/app.bundle.min.js?v=3962.622 (126)
[0415/161059.108:INFO:CONSOLE(10)] "2020-04-15T13:10:59.108Z [modules/xmpp/moderator.js] <u.setFocusUserJid>:  Focus jid set to:  undefined", source: https://web-cdn.jitsi.net/meetjitsi_4004.656/libs/lib-jitsi-meet.min.js?v=3962.622 (10)
[0415/161059.109:INFO:CONSOLE(10)] "2020-04-15T13:10:59.108Z [modules/settings/Settings.js] generated id f86229002e4e911b85e782a73e86032a", source: https://web-cdn.jitsi.net/meetjitsi_4004.656/libs/lib-jitsi-meet.min.js?v=3962.622 (10)
[0415/161059.109:INFO:CONSOLE(10)] "2020-04-15T13:10:59.108Z [modules/xmpp/moderator.js] <u.createConferenceIq>:  Session ID: null machine UID: f86229002e4e911b85e782a73e86032a", source: https://web-cdn.jitsi.net/meetjitsi_4004.656/libs/lib-jitsi-meet.min.js?v=3962.622 (10)
[0415/161059.119:INFO:CONSOLE(126)] "2020-04-15T13:10:59.119Z [features/base/devices] Device list updated:
audioInput:
		[default]
		[communications]
		[5b17aa92e44fee9ee0e91817f63da886232e267da46ace1401b30cbed7b38150]
audioOutput:
		[default]
		[communications]
		[37e10c3a933be347f2f87686fe63b4c417a4c85957ecba2d91b314e19a6659a3]
videoInput:
		[8d5930846468a75ae4eef421eeaea3233feab16ad621331bb919563a14421cea]", source: https://web-cdn.jitsi.net/meetjitsi_4004.656/libs/app.bundle.min.js?v=3962.622 (126)
[0415/161059.130:INFO:CONSOLE(126)] "2020-04-15T13:10:59.129Z [features/invite] Using deprecated API for retrieving phone numbers", source: https://web-cdn.jitsi.net/meetjitsi_4004.656/libs/app.bundle.min.js?v=3962.622 (126)
[0415/161059.313:INFO:CONSOLE(10)] "2020-04-15T13:10:59.313Z [modules/xmpp/strophe.ping.js] <p.startInterval>:  XMPP pings will be sent every 10000 ms", source: https://web-cdn.jitsi.net/meetjitsi_4004.656/libs/lib-jitsi-meet.min.js?v=3962.622 (10)
[0415/161059.328:INFO:CONSOLE(10)] "2020-04-15T13:10:59.328Z [modules/xmpp/moderator.js] <u.setFocusUserJid>:  Focus jid set to:  focus@auth.meet.jit.si", source: https://web-cdn.jitsi.net/meetjitsi_4004.656/libs/lib-jitsi-meet.min.js?v=3962.622 (10)
[0415/161059.329:INFO:CONSOLE(10)] "2020-04-15T13:10:59.329Z [modules/xmpp/moderator.js] <u.parseConfigOptions>:  Authentication enabled: false", source: https://web-cdn.jitsi.net/meetjitsi_4004.656/libs/lib-jitsi-meet.min.js?v=3962.622 (10)
[0415/161059.330:INFO:CONSOLE(10)] "2020-04-15T13:10:59.329Z [modules/xmpp/moderator.js] <u.parseConfigOptions>:  External authentication enabled: false", source: https://web-cdn.jitsi.net/meetjitsi_4004.656/libs/lib-jitsi-meet.min.js?v=3962.622 (10)
[0415/161059.334:INFO:CONSOLE(10)] "2020-04-15T13:10:59.333Z [modules/xmpp/moderator.js] <u.parseConfigOptions>:  Sip gateway enabled:  false", source: https://web-cdn.jitsi.net/meetjitsi_4004.656/libs/lib-jitsi-meet.min.js?v=3962.622 (10)
[0415/161059.406:INFO:CONSOLE(126)] "2020-04-15T13:10:59.405Z [modules/UI/videolayout/LargeVideoManager.js] hover in 9782c143", source: https://web-cdn.jitsi.net/meetjitsi_4004.656/libs/app.bundle.min.js?v=3962.622 (126)
[0415/161059.439:INFO:CONSOLE(10)] "2020-04-15T13:10:59.438Z [modules/xmpp/ChatRoom.js] <_.onPresence>:  entered qualifiedconveniencesholdlightly@conference.meet.jit.si/focus [object Object]", source: https://web-cdn.jitsi.net/meetjitsi_4004.656/libs/lib-jitsi-meet.min.js?v=3962.622 (10)
[0415/161059.439:INFO:CONSOLE(10)] "2020-04-15T13:10:59.439Z [modules/xmpp/ChatRoom.js] <_initFocus>:  Ignore focus: qualifiedconveniencesholdlightly@conference.meet.jit.si/focus, real JID: focus@auth.meet.jit.si/focus118936401929", source: https://web-cdn.jitsi.net/meetjitsi_4004.656/libs/lib-jitsi-meet.min.js?v=3962.622 (10)
[0415/161059.445:INFO:CONSOLE(10)] "2020-04-15T13:10:59.445Z [modules/version/ComponentsVersions.js] Got xmpp version: Prosody(0.11.5,Linux)", source: https://web-cdn.jitsi.net/meetjitsi_4004.656/libs/lib-jitsi-meet.min.js?v=3962.622 (10)
[0415/161059.445:INFO:CONSOLE(10)] "2020-04-15T13:10:59.445Z [modules/version/ComponentsVersions.js] Got focus version: JiCoFo(1.0.541,Linux)", source: https://web-cdn.jitsi.net/meetjitsi_4004.656/libs/lib-jitsi-meet.min.js?v=3962.622 (10)
[0415/161059.447:INFO:CONSOLE(126)] "2020-04-15T13:10:59.447Z [conference.js] <a.<anonymous>>:  My role changed, new role: moderator", source: https://web-cdn.jitsi.net/meetjitsi_4004.656/libs/app.bundle.min.js?v=3962.622 (126)
[0415/161059.451:INFO:CONSOLE(10)] "2020-04-15T13:10:59.451Z [modules/xmpp/ChatRoom.js] <_.onPresence>:  (TIME) MUC joined:	 1797.469999990426", source: https://web-cdn.jitsi.net/meetjitsi_4004.656/libs/lib-jitsi-meet.min.js?v=3962.622 (10)
[0415/161059.496:INFO:CONSOLE(10)] "2020-04-15T13:10:59.496Z [modules/xmpp/ChatRoom.js] <_.onMessage>:  Subject is changed to ", source: https://web-cdn.jitsi.net/meetjitsi_4004.656/libs/lib-jitsi-meet.min.js?v=3962.622 (10)
[0415/161059.967:INFO:CONSOLE(126)] "2020-04-15T13:10:59.967Z [features/base/storage] <Object.persistState>:  redux state persisted. a6f0a3d4bcbd50005c569c9fd394af44 -> b8f5cea63e7ff6424bdaf958479f8ae9", source: https://web-cdn.jitsi.net/meetjitsi_4004.656/libs/app.bundle.min.js?v=3962.622 (126)
[0415/161129.766:INFO:CONSOLE(126)] "2020-04-15T13:11:29.765Z [modules/UI/videolayout/VideoLayout.js] <Object.changeUserAvatar>:  Missed avatar update - no small video yet for local", source: https://web-cdn.jitsi.net/meetjitsi_4004.656/libs/app.bundle.min.js?v=3962.622 (126)
[0415/161129.767:INFO:CONSOLE(126)] "2020-04-15T13:11:29.767Z [modules/UI/videolayout/SmallVideo.js] <g.remove>:  Remove thumbnail 9782c143", source: https://web-cdn.jitsi.net/meetjitsi_4004.656/libs/app.bundle.min.js?v=3962.622 (126)
[0415/161129.771:INFO:CONSOLE(10)] "2020-04-15T13:11:29.771Z [modules/rttmonitor/rttmonitor.js] <h.stop>:  Stopping RttMonitor.", source: https://web-cdn.jitsi.net/meetjitsi_4004.656/libs/lib-jitsi-meet.min.js?v=3962.622 (10)
[0415/161129.772:INFO:CONSOLE(10)] "2020-04-15T13:11:29.772Z [modules/e2eping/e2eping.js] <h.stop>:  Stopping e2eping", source: https://web-cdn.jitsi.net/meetjitsi_4004.656/libs/lib-jitsi-meet.min.js?v=3962.622 (10)
[0415/161129.774:INFO:CONSOLE(10)] "2020-04-15T13:11:29.774Z [modules/xmpp/ChatRoom.js] <_.doLeave>:  do leave qualifiedconveniencesholdlightly@conference.meet.jit.si/9782c143", source: https://web-cdn.jitsi.net/meetjitsi_4004.656/libs/lib-jitsi-meet.min.js?v=3962.622 (10)
[0415/161129.862:INFO:CONSOLE(10)] "2020-04-15T13:11:29.862Z [modules/xmpp/xmpp.js] <A.connectionHandler>:  (TIME) Strophe disconnecting:	 32207.63000001898", source: https://web-cdn.jitsi.net/meetjitsi_4004.656/libs/lib-jitsi-meet.min.js?v=3962.622 (10)
[0415/161129.862:INFO:CONSOLE(10)] "2020-04-15T13:11:29.862Z [modules/xmpp/strophe.util.js] <Object.r.Strophe.log>:  Strophe: Disconnect was called because: undefined", source: https://web-cdn.jitsi.net/meetjitsi_4004.656/libs/lib-jitsi-meet.min.js?v=3962.622 (10)
[0415/161129.864:INFO:CONSOLE(10)] "2020-04-15T13:11:29.864Z [modules/xmpp/xmpp.js] <A.connectionHandler>:  (TIME) Strophe disconnected:	 32210.15499997884", source: https://web-cdn.jitsi.net/meetjitsi_4004.656/libs/lib-jitsi-meet.min.js?v=3962.622 (10)
[0415/161129.865:INFO:CONSOLE(10)] "2020-04-15T13:11:29.864Z [modules/xmpp/strophe.ping.js] <p.stopInterval>:  Ping interval cleared", source: https://web-cdn.jitsi.net/meetjitsi_4004.656/libs/lib-jitsi-meet.min.js?v=3962.622 (10)
[0415/161129.880:INFO:CONSOLE(10)] "2020-04-15T13:11:29.878Z [JitsiMeetJS.js] <Object.getGlobalOnErrorHandler>:  UnhandledError: Script error. Script:  Line: 0 Column: 0 StackTrace:  null", source: https://web-cdn.jitsi.net/meetjitsi_4004.656/libs/lib-jitsi-meet.min.js?v=3962.622 (10)
[0415/161129.880:INFO:CONSOLE(10)] "2020-04-15T13:11:29.879Z [modules/statistics/CallStats.js] <Function._reportError>:  No error is passed!", source: https://web-cdn.jitsi.net/meetjitsi_4004.656/libs/lib-jitsi-meet.min.js?v=3962.622 (10)
[0415/161129.880:INFO:CONSOLE(1)] "Uncaught TypeError: Cannot read property 'send' of null", source: https://web-cdn.jitsi.net/meetjitsi_4004.656/libs/lib-jitsi-meet.min.js?v=3962.622 (1)
[0415/161129.960:INFO:CONSOLE(126)] "2020-04-15T13:11:29.960Z [features/base/storage] <Object.persistState>:  redux state persisted. b8f5cea63e7ff6424bdaf958479f8ae9 -> 20f59597af5bff295350b5130adcaa68", source: https://web-cdn.jitsi.net/meetjitsi_4004.656/libs/app.bundle.min.js?v=3962.622 (126)
[0415/161130.350:WARNING:angle_platform_impl.cc(45)] compileToBinary(256): 
C:\fakepath(75,10-46): warning X3571: pow(f, e) will not work for negative f, use abs(f) or conditionally handle negative values if you expect them
C:\fakepath(98,10-46): warning X3571: pow(f, e) will not work for negative f, use abs(f) or conditionally handle negative values if you expect them

